[2019-11-28T15:07:56.121757+02:00] main_site_app.INFO: username = "andrew"  auth - ok [] []
[2019-11-28T15:07:56.128524+02:00] main_site_app.INFO: username= andrew {"Method":"GET","inputUri":"/api/books/count"} []
[2019-11-28T15:08:25.585820+02:00] main_site_app.INFO: username = "andrew"  auth - ok [] []
[2019-11-28T15:08:25.592766+02:00] main_site_app.INFO: username= andrew {"Method":"GET","inputUri":"/api"} []
[2019-11-28T15:08:25.596499+02:00] main_site_app.INFO: username= andrew {"Method":"PUT","inputData":""} []
[2019-11-28T15:08:29.786926+02:00] main_site_app.INFO: username = "andrew"  auth - ok [] []
[2019-11-28T15:08:29.793484+02:00] main_site_app.INFO: username= andrew {"Method":"GET","inputUri":"/api/"} []
[2019-11-28T15:08:29.794702+02:00] main_site_app.INFO: username= andrew {"Method":"PUT","inputData":""} []
[2019-11-28T15:08:34.191904+02:00] main_site_app.INFO: username = "andrew"  auth - ok [] []
[2019-11-28T15:08:34.197925+02:00] main_site_app.INFO: username= andrew {"Method":"GET","inputUri":"/api/books"} []
[2019-11-28T15:08:37.751627+02:00] main_site_app.INFO: username = "andrew"  auth - ok [] []
[2019-11-28T15:08:37.758086+02:00] main_site_app.INFO: username= andrew {"Method":"GET","inputUri":"/api/bo/"} []
[2019-11-28T15:08:37.759740+02:00] main_site_app.INFO: username= andrew {"Method":"PUT","inputData":""} []
[2019-11-28T15:09:09.419682+02:00] main_site_app.INFO: username = "andrew"  auth - ok [] []
[2019-11-28T15:09:09.426198+02:00] main_site_app.INFO: username= andrew {"Method":"GET","inputUri":"/api/books/63"} []
[2019-11-28T15:09:14.439823+02:00] main_site_app.INFO: username = "andrew"  auth - ok [] []
[2019-11-28T15:09:14.450653+02:00] main_site_app.INFO: username= andrew {"Method":"GET","inputUri":"/api/books/count"} []
[2019-11-28T15:12:42.400650+02:00] main_site_app.INFO: username = "andrew"  auth - ok [] []
[2019-11-28T15:12:42.407959+02:00] main_site_app.INFO: username= andrew {"Method":"GET","inputUri":"/api/books/co"} []
[2019-11-28T15:12:42.409359+02:00] main_site_app.INFO: username= andrew {"Method":"PUT","inputData":""} []
[2019-11-28T15:47:49.469523+02:00] main_site_app.INFO: username = "andrew"  auth - ok [] []
[2019-11-28T15:47:49.478465+02:00] main_site_app.INFO: username= andrew {"Method":"PUT","inputData":"{\"genre\":\"toooo\",\"pages\":\"44\"}"} []
[2019-11-28T15:47:49.523143+02:00] main_site_app.INFO: Query - UPDATE `book` SET  `genre`=:genre,`pages`=:pages  WHERE `id`=61 [] []
[2019-11-28T15:48:21.940408+02:00] main_site_app.INFO: username = "andrew"  auth - ok [] []
[2019-11-28T15:48:21.945616+02:00] main_site_app.INFO: username= andrew {"Method":"PUT","inputData":"{\"genre\":\"toooo\",\"pages\":\"44\"}"} []
[2019-11-28T15:48:21.946674+02:00] main_site_app.INFO: Query - UPDATE `book` SET  `genre`=:genre,`pages`=:pages  WHERE `id`=61 [] []
[2019-11-28T15:48:37.733409+02:00] main_site_app.INFO: username = "andrew"  auth - ok [] []
[2019-11-28T15:48:37.741725+02:00] main_site_app.INFO: username= andrew {"Method":"GET","inputUri":"/api/books/"} []
[2019-11-28T15:49:15.115113+02:00] main_site_app.INFO: username = "andrew"  auth - ok [] []
[2019-11-28T15:49:15.121089+02:00] main_site_app.INFO: username= andrew {"Method":"GET","inputUri":"/api/books/"} []
[2019-11-28T15:49:17.548331+02:00] main_site_app.INFO: username = "andrew"  auth - ok [] []
[2019-11-28T15:49:17.555659+02:00] main_site_app.INFO: username= andrew {"Method":"PUT","inputData":"{\"genre\":\"tooo\",\"pages\":\"44\"}"} []
[2019-11-28T15:49:17.557658+02:00] main_site_app.INFO: Query - UPDATE `book` SET  `genre`=:genre,`pages`=:pages  WHERE `id`=61 [] []
[2019-11-28T15:49:27.861602+02:00] main_site_app.INFO: username = "andrew"  auth - ok [] []
[2019-11-28T15:49:27.864342+02:00] main_site_app.INFO: username= andrew {"Method":"PUT","inputData":"{\"genreg\":\"tooo\",\"pages\":\"44\"}"} []
[2019-11-28T15:51:03.686467+02:00] main_site_app.INFO: username = "andrew"  auth - ok [] []
[2019-11-28T15:51:03.695146+02:00] main_site_app.INFO: username= andrew {"Method":"PUT","inputData":"{\"genreg\":\"tooo\",\"pages\":\"44\"}"} []
[2019-11-28T15:52:11.882343+02:00] main_site_app.INFO: username = "andrew"  auth - ok [] []
[2019-11-28T15:52:11.885784+02:00] main_site_app.INFO: username= andrew {"Method":"PUT","inputData":"{\"genreg\":\"tooo\",\"pages\":\"44\"}"} []
[2019-11-28T15:52:11.887596+02:00] main_site_app.INFO: Query - UPDATE `book` SET  `pages`=:pages  WHERE `id`=61 [] []
[2019-11-28T15:52:41.804074+02:00] main_site_app.INFO: username = "andrew"  auth - ok [] []
[2019-11-28T15:52:41.811051+02:00] main_site_app.INFO: username= andrew {"Method":"PUT","inputData":"{\"genreg\":\"tooo\",\"pages\":\"gjhgjh44\"}"} []
[2019-11-28T15:52:54.562264+02:00] main_site_app.INFO: username = "andrew"  auth - ok [] []
[2019-11-28T15:52:54.567340+02:00] main_site_app.INFO: username= andrew {"Method":"PUT","inputData":"{\"genreg\":\"tooo\",\"pages\":\"34\"}"} []
[2019-11-28T15:52:54.569437+02:00] main_site_app.INFO: Query - UPDATE `book` SET  `pages`=:pages  WHERE `id`=61 [] []
[2019-11-28T15:57:54.704945+02:00] main_site_app.INFO: username = "andrew"  auth - ok [] []
[2019-11-28T15:57:54.715777+02:00] main_site_app.INFO: username= andrew {"Method":"PUT","inputData":"[{\"id\":72,\"name\":\"hello1\",\"genreg\":\"tooo\",\"pages\":\"34\"},{\"id\":73,\"name\":\"hello2\",\"genreg\":\"tooo\",\"pages\":\"34\"},{\"id\":74,\"name\":\"hello3\",\"genreg\":\"tooo\",\"pages\":\"34\"}]"} []
[2019-11-28T15:57:54.717186+02:00] main_site_app.INFO: Query - UPDATE `book` SET  `name`=:name,`pages`=:pages  WHERE `id`=72 [] []
[2019-11-28T15:57:54.721323+02:00] main_site_app.INFO: Query - UPDATE `book` SET  `name`=:name,`pages`=:pages  WHERE `id`=73 [] []
[2019-11-28T15:57:54.725564+02:00] main_site_app.INFO: Query - UPDATE `book` SET  `name`=:name,`pages`=:pages  WHERE `id`=74 [] []
[2019-11-28T15:58:15.045579+02:00] main_site_app.INFO: username = "andrew"  auth - ok [] []
[2019-11-28T15:58:15.051880+02:00] main_site_app.INFO: username= andrew {"Method":"PUT","inputData":"[{\"id\":72,\"name\":\"hello1\",\"genre\":\"tooo\",\"pages\":\"34\"},{\"id\":73,\"name\":\"hello2\",\"genre\":\"tooo\",\"pages\":\"34\"},{\"id\":74,\"name\":\"hello3\",\"genre\":\"tooo\",\"pages\":\"34\"}]"} []
[2019-11-28T15:58:15.053170+02:00] main_site_app.INFO: Query - UPDATE `book` SET  `name`=:name,`genre`=:genre,`pages`=:pages  WHERE `id`=72 [] []
[2019-11-28T15:58:15.057605+02:00] main_site_app.INFO: Query - UPDATE `book` SET  `name`=:name,`genre`=:genre,`pages`=:pages  WHERE `id`=73 [] []
[2019-11-28T15:58:15.061815+02:00] main_site_app.INFO: Query - UPDATE `book` SET  `name`=:name,`genre`=:genre,`pages`=:pages  WHERE `id`=74 [] []
[2019-11-28T15:58:32.543381+02:00] main_site_app.INFO: username = "andrew"  auth - ok [] []
[2019-11-28T15:58:32.549042+02:00] main_site_app.INFO: username= andrew {"Method":"POST","inputData":"[{\"id\":72,\"name\":\"hello1\",\"genre\":\"tooo\",\"pages\":\"34\"},{\"id\":73,\"name\":\"hello2\",\"genre\":\"tooo\",\"pages\":\"34\"},{\"id\":74,\"name\":\"hello3\",\"genre\":\"tooo\",\"pages\":\"34\"}]"} []
[2019-11-28T16:00:24.163804+02:00] main_site_app.INFO: username = "andrew"  auth - ok [] []
[2019-11-28T16:00:24.177719+02:00] main_site_app.INFO: username= andrew {"Method":"POST","inputData":"[{\"id\":72,\"name\":\"hello1\",\"genre\":\"tooo\",\"pages\":\"34\"},{\"id\":73,\"name\":\"hello2\",\"genre\":\"tooo\",\"pages\":\"34\"},{\"id\":74,\"name\":\"hello3\",\"genre\":\"tooo\",\"pages\":\"34\"}]"} []
[2019-11-28T16:12:04.392695+02:00] main_site_app.INFO: username = "andrew"  auth - ok [] []
[2019-11-28T16:12:04.398893+02:00] main_site_app.INFO: username= andrew {"Method":"POST","inputData":"[{\"id\":72,\"name\":\"hello1\",\"genre\":\"tooo\",\"pages\":\"34\"},{\"id\":73,\"name\":\"hello2\",\"genre\":\"tooo\",\"pages\":\"34\"},{\"id\":74,\"name\":\"hello3\",\"genre\":\"tooo\",\"pages\":\"34\"}]"} []
[2019-11-28T16:12:57.355022+02:00] main_site_app.INFO: username = "andrew"  auth - ok [] []
[2019-11-28T16:12:57.360290+02:00] main_site_app.INFO: username= andrew {"Method":"POST","inputData":"[{\"id\":72,\"name\":\"hello1\",\"genre\":\"tooo\",\"pages\":\"34\"},{\"id\":73,\"name\":\"hello2\",\"genre\":\"tooo\",\"pages\":\"34\"},{\"id\":74,\"name\":\"hello3\",\"genre\":\"tooo\",\"pages\":\"34\"}]"} []
[2019-11-28T16:13:25.026177+02:00] main_site_app.INFO: username = "andrew"  auth - ok [] []
[2019-11-28T16:13:25.031522+02:00] main_site_app.INFO: username= andrew {"Method":"POST","inputData":"[{\"name\":\"hello1\",\"genre\":\"tooo\",\"pages\":\"34\"},{\"id\":73,\"name\":\"hello2\",\"genre\":\"tooo\",\"pages\":\"34\"},{\"id\":74,\"name\":\"hello3\",\"genre\":\"tooo\",\"pages\":\"34\"}]"} []
[2019-11-28T16:14:20.531919+02:00] main_site_app.INFO: username = "andrew"  auth - ok [] []
[2019-11-28T16:14:20.541830+02:00] main_site_app.INFO: username= andrew {"Method":"POST","inputData":"[{\"id\":72,\"name\":\"hello\",\"genre\":\"tooo\",\"pages\":\"34\"},{\"id\":73,\"name\":\"hello\",\"genre\":\"tooo\",\"pages\":\"34\"},{\"id\":74,\"name\":\"hello\",\"genre\":\"tooo\",\"pages\":\"34\"}]"} []
[2019-11-28T16:14:24.638854+02:00] main_site_app.INFO: username = "andrew"  auth - ok [] []
[2019-11-28T16:14:24.644961+02:00] main_site_app.INFO: username= andrew {"Method":"POST","inputData":"[{\"id\":72,\"name\":\"hello\",\"genre\":\"tooo\",\"pages\":\"34\"},{\"id\":73,\"name\":\"hello\",\"genre\":\"tooo\",\"pages\":\"34\"},{\"id\":74,\"name\":\"hello\",\"genre\":\"tooo\",\"pages\":\"34\"}]"} []
[2019-11-28T16:14:41.371889+02:00] main_site_app.INFO: username = "andrew"  auth - ok [] []
[2019-11-28T16:14:41.378447+02:00] main_site_app.INFO: username= andrew {"Method":"POST","inputData":"[{\"name\":\"hello\",\"genre\":\"tooo\",\"pages\":\"34\"},{\"id\":73,\"name\":\"hello\",\"genre\":\"tooo\",\"pages\":\"34\"},{\"id\":74,\"name\":\"hello\",\"genre\":\"tooo\",\"pages\":\"34\"}]"} []
[2019-11-28T16:14:44.712616+02:00] main_site_app.INFO: username = "andrew"  auth - ok [] []
[2019-11-28T16:14:44.718277+02:00] main_site_app.INFO: username= andrew {"Method":"POST","inputData":"[{\"name\":\"hello\",\"genre\":\"tooo\",\"pages\":\"34\"},{\"id\":73,\"name\":\"hello\",\"genre\":\"tooo\",\"pages\":\"34\"},{\"id\":74,\"name\":\"hello\",\"genre\":\"tooo\",\"pages\":\"34\"}]"} []
[2019-11-28T16:15:34.052426+02:00] main_site_app.INFO: username = "andrew"  auth - ok [] []
[2019-11-28T16:15:34.059542+02:00] main_site_app.INFO: username= andrew {"Method":"POST","inputData":"[{\"id\":72,\"name\":\"hello\",\"genre\":\"tooo\",\"pages\":\"34\"},{\"id\":73,\"name\":\"hello\",\"genre\":\"tooo\",\"pages\":\"35\"},{\"id\":74,\"name\":\"hello\",\"genre\":\"tooo\",\"pages\":\"36\"}]"} []
[2019-11-28T16:16:08.788093+02:00] main_site_app.INFO: username = "andrew"  auth - ok [] []
[2019-11-28T16:16:08.796432+02:00] main_site_app.INFO: username= andrew {"Method":"POST","inputData":"[{\"id\":72,\"name\":\"hello\",\"genre\":\"tooo\",\"pages\":\"34\"},{\"id\":73,\"name\":\"hello\",\"genre\":\"tooo\",\"pages\":\"35\"},{\"id\":74,\"name\":\"hello\",\"genre\":\"tooo\",\"pages\":\"36\"}]"} []
[2019-11-28T16:17:24.364015+02:00] main_site_app.INFO: username = "andrew"  auth - ok [] []
[2019-11-28T16:17:24.369747+02:00] main_site_app.INFO: username= andrew {"Method":"POST","inputData":"[{\"id\":72,\"name\":\"hello\",\"genre\":\"tooo\",\"pages\":\"34\"},{\"id\":73,\"name\":\"hello\",\"genre\":\"tooo\",\"pages\":\"35\"},{\"id\":74,\"name\":\"hello\",\"genre\":\"tooo\",\"pages\":\"36\"}]"} []
[2019-11-28T16:18:20.575095+02:00] main_site_app.INFO: username = "andrew"  auth - ok [] []
[2019-11-28T16:18:20.585262+02:00] main_site_app.INFO: username= andrew {"Method":"GET","inputUri":"/api/books/"} []
[2019-11-28T16:20:36.868162+02:00] main_site_app.INFO: username = "andrew"  auth - ok [] []
[2019-11-28T16:20:36.874206+02:00] main_site_app.INFO: username= andrew {"Method":"POST","inputData":"[{\"id\":72,\"name\":\"hello\",\"genre\":\"tooo\",\"pages\":\"34\"},{\"id\":73,\"name\":\"hello\",\"genre\":\"tooo\",\"pages\":\"35\"},{\"id\":74,\"name\":\"hello\",\"genre\":\"tooo\",\"pages\":\"36\"}]"} []
[2019-11-28T16:20:42.176145+02:00] main_site_app.INFO: username = "andrew"  auth - ok [] []
[2019-11-28T16:20:42.186357+02:00] main_site_app.INFO: username= andrew {"Method":"GET","inputUri":"/api/books/"} []
[2019-11-28T16:22:56.641239+02:00] main_site_app.INFO: username = "andrew"  auth - ok [] []
[2019-11-28T16:22:56.647538+02:00] main_site_app.INFO: username= andrew {"Method":"POST","inputData":"[{\"id\":72,\"name\":\"hello\",\"genre\":\"tooo\",\"pages\":\"34\"},{\"id\":73,\"name\":\"hello\",\"fdfgenre\":\"tooo\",\"pages\":\"35\"},{\"id\":74,\"name\":\"hello\",\"genre\":\"tooo\",\"pages\":\"36\"}]"} []
[2019-11-28T16:24:33.044841+02:00] main_site_app.INFO: username = "andrew"  auth - ok [] []
[2019-11-28T16:24:33.048074+02:00] main_site_app.INFO: username= andrew {"Method":"POST","inputData":"{\"id\":72,\"name\":\"hello\",\"genre\":\"tooo\",\"pages\":\"34\"}"} []
[2019-11-28T16:24:52.527589+02:00] main_site_app.INFO: username = "andrew"  auth - ok [] []
[2019-11-28T16:24:52.532377+02:00] main_site_app.INFO: username= andrew {"Method":"POST","inputData":"{\"id\":72,\"name\":\"hello\",\"genre\":\"tooo\",\"pages\":\"34\"}"} []
[2019-11-28T16:24:54.174167+02:00] main_site_app.INFO: username = "andrew"  auth - ok [] []
[2019-11-28T16:24:54.176280+02:00] main_site_app.INFO: username= andrew {"Method":"POST","inputData":"{\"id\":72,\"name\":\"hello\",\"genre\":\"tooo\",\"pages\":\"34\"}"} []
[2019-11-28T16:24:56.111280+02:00] main_site_app.INFO: username = "andrew"  auth - ok [] []
[2019-11-28T16:24:56.114339+02:00] main_site_app.INFO: username= andrew {"Method":"GET","inputUri":"/api/books/"} []
[2019-11-28T16:25:48.483598+02:00] main_site_app.INFO: username = "andrew"  auth - ok [] []
[2019-11-28T16:25:48.496372+02:00] main_site_app.INFO: username= andrew {"Method":"GET","inputUri":"/api/bo"} []
[2019-11-28T16:25:48.497887+02:00] main_site_app.INFO: username= andrew {"Method":"PUT","inputData":""} []
[2019-11-28T16:26:35.968001+02:00] main_site_app.INFO: username = "andrew"  auth - ok [] []
[2019-11-28T16:26:35.973315+02:00] main_site_app.INFO: username= andrew {"Method":"GET","inputUri":"/api/bo"} []
[2019-11-28T16:26:35.974033+02:00] main_site_app.INFO: username= andrew {"Method":"PhjghjUT","inputData":""} []
[2019-11-28T16:29:28.739228+02:00] main_site_app.INFO: username = "andrew"  auth - ok [] []
[2019-11-28T16:29:28.745320+02:00] main_site_app.INFO: username= andrew {"Method":"GET","inputUri":"/api/bo"} []
[2019-11-28T16:29:28.746025+02:00] main_site_app.INFO: username= andrew {"Method":"PUT","inputData":""} []
[2019-11-28T16:37:19.787953+02:00] main_site_app.INFO: username = "andrew"  auth - ok [] []
[2019-11-28T16:37:19.794079+02:00] main_site_app.INFO: username= andrew {"Method":"GET","inputUri":"/api/bo"} []
[2019-11-28T16:37:19.794843+02:00] main_site_app.INFO: username= andrew {"Method":"PUT","inputData":""} []
[2019-11-28T16:37:29.996792+02:00] main_site_app.INFO: username = "andrew"  auth - ok [] []
[2019-11-28T16:37:30.001868+02:00] main_site_app.INFO: username= andrew {"Method":"GET","inputUri":"/api/bo"} []
[2019-11-28T16:37:30.002571+02:00] main_site_app.INFO: username= andrew {"Method":"PUT","inputData":""} []
[2019-11-28T16:37:53.358214+02:00] main_site_app.INFO: username = "andrew"  auth - ok [] []
[2019-11-28T16:37:53.362893+02:00] main_site_app.INFO: username= andrew {"Method":"GET","inputUri":"/api/bo"} []
[2019-11-28T16:37:53.363610+02:00] main_site_app.INFO: username= andrew {"Method":"PUT","inputData":""} []
[2019-11-28T16:38:09.142138+02:00] main_site_app.INFO: username = "andrew"  auth - ok [] []
[2019-11-28T16:38:09.147302+02:00] main_site_app.INFO: username= andrew {"Method":"GET","inputUri":"/api/bo"} []
[2019-11-28T16:38:09.148038+02:00] main_site_app.INFO: username= andrew {"Method":"PUT","inputData":""} []
[2019-11-28T16:38:23.793089+02:00] main_site_app.INFO: username = "andrew"  auth - ok [] []
[2019-11-28T16:38:23.798344+02:00] main_site_app.INFO: username= andrew {"Method":"GET","inputUri":"/api/bo"} []
[2019-11-28T16:38:23.799062+02:00] main_site_app.INFO: username= andrew {"Method":"PUT","inputData":""} []
[2019-11-28T16:41:55.394951+02:00] main_site_app.INFO: username = "andrew"  auth - ok [] []
[2019-11-28T16:41:55.408033+02:00] main_site_app.INFO: username= andrew {"Method":"GET","inputUri":"/api/bo"} []
[2019-11-28T16:42:44.358212+02:00] main_site_app.INFO: username = "andrew"  auth - ok [] []
[2019-11-28T16:42:44.368427+02:00] main_site_app.INFO: username= andrew {"Method":"DELETE","inputUri":"/api/books/72"} []
[2019-11-28T16:42:54.483632+02:00] main_site_app.INFO: username = "andrew"  auth - ok [] []
[2019-11-28T16:42:54.489139+02:00] main_site_app.INFO: username= andrew {"Method":"GET","inputUri":"/api/books"} []
[2019-11-28T16:43:11.690113+02:00] main_site_app.INFO: username = "andrew"  auth - ok [] []
[2019-11-28T16:43:11.696400+02:00] main_site_app.INFO: username= andrew {"Method":"GET","inputUri":"/api/books"} []
[2019-11-28T16:43:16.284470+02:00] main_site_app.INFO: username = "andrew"  auth - ok [] []
[2019-11-28T16:43:16.290437+02:00] main_site_app.INFO: username= andrew {"Method":"GET","inputUri":"/api/books"} []
[2019-11-28T16:43:20.186898+02:00] main_site_app.INFO: username = "andrew"  auth - ok [] []
[2019-11-28T16:43:20.197322+02:00] main_site_app.INFO: username= andrew {"Method":"DELETE","inputUri":"/api/books/75"} []
[2019-11-28T16:43:23.185516+02:00] main_site_app.INFO: username = "andrew"  auth - ok [] []
[2019-11-28T16:43:23.192507+02:00] main_site_app.INFO: username= andrew {"Method":"GET","inputUri":"/api/books"} []
[2019-11-28T16:43:26.927321+02:00] main_site_app.INFO: username = "andrew"  auth - ok [] []
[2019-11-28T16:43:26.932620+02:00] main_site_app.INFO: username= andrew {"Method":"DELETE","inputUri":"/api/books/75"} []
[2019-11-28T16:58:53.716352+02:00] main_site_app.INFO: username = "andrew"  auth - ok [] []
[2019-11-28T16:58:53.725746+02:00] main_site_app.INFO: username= andrew {"Method":"GET","inputUri":"/api/books"} []
[2019-11-28T17:45:40.921726+02:00] main_site_app.INFO: username = "andrew"  auth - ok [] []
[2019-11-28T17:45:40.930219+02:00] main_site_app.INFO: username= andrew {"Method":"GET","inputUri":"/api/books/"} []
[2019-11-28T17:45:48.495783+02:00] main_site_app.INFO: username = "andrew"  auth - ok [] []
[2019-11-28T17:45:48.501646+02:00] main_site_app.INFO: username= andrew {"Method":"PUT","inputData":"{\"name\":\"war and peace\",\"genre\":\"novel\",\"pages\":\"9\"}"} []
[2019-11-28T17:45:48.504042+02:00] main_site_app.INFO: Query - UPDATE `book` SET  `name`=:name,`genre`=:genre,`pages`=:pages  WHERE `id`=1 [] []
[2019-11-28T17:45:53.068123+02:00] main_site_app.INFO: username = "andrew"  auth - ok [] []
[2019-11-28T17:45:53.074196+02:00] main_site_app.INFO: username= andrew {"Method":"GET","inputUri":"/api/books/"} []
[2019-11-28T17:45:56.711092+02:00] main_site_app.INFO: username = "andrew"  auth - ok [] []
[2019-11-28T17:45:56.715973+02:00] main_site_app.INFO: username= andrew {"Method":"GET","inputUri":"/api/books/2"} []
[2019-11-28T17:45:58.537725+02:00] main_site_app.INFO: username = "andrew"  auth - ok [] []
[2019-11-28T17:45:58.541857+02:00] main_site_app.INFO: username= andrew {"Method":"GET","inputUri":"/api/books/count"} []
[2019-11-28T17:46:15.638959+02:00] main_site_app.INFO: username = "andrew"  auth - ok [] []
[2019-11-28T17:46:15.644683+02:00] main_site_app.INFO: username= andrew {"Method":"POST","inputData":"{\"name\":\"repka\",\"genre\":\"tail\",\"pages\":\"123\"}"} []
[2019-11-28T17:46:18.767319+02:00] main_site_app.INFO: username = "andrew"  auth - ok [] []
[2019-11-28T17:46:18.772730+02:00] main_site_app.INFO: username= andrew {"Method":"GET","inputUri":"/api/books/count"} []
[2019-11-28T17:46:21.138518+02:00] main_site_app.INFO: username = "andrew"  auth - ok [] []
[2019-11-28T17:46:21.145085+02:00] main_site_app.INFO: username= andrew {"Method":"GET","inputUri":"/api/books/"} []
[2019-11-28T17:46:44.816631+02:00] main_site_app.INFO: username = "andrew"  auth - ok [] []
[2019-11-28T17:46:44.821488+02:00] main_site_app.INFO: username= andrew {"Method":"PUT","inputData":"{\"name\":\"math\",\"genre\":\"tutorial\",\"pages\":\"238\"}"} []
[2019-11-28T17:46:44.824137+02:00] main_site_app.INFO: Query - UPDATE `book` SET  `name`=:name,`genre`=:genre,`pages`=:pages  WHERE `id`=3 [] []
